J:\QT-PROJECT\COCOS2D-X PROJECT CREATER\COCOS2D-X PROJECT CREATER\DEBUG\MAIN.OBJ
J:\QT-PROJECT\COCOS2D-X PROJECT CREATER\COCOS2D-X PROJECT CREATER\DEBUG\MOC_COCOSCREATER.OBJ
J:\QT-PROJECT\COCOS2D-X PROJECT CREATER\COCOS2D-X PROJECT CREATER\DEBUG\COCOSCREATER.OBJ
J:\QT-PROJECT\COCOS2D-X PROJECT CREATER\COCOS2D-X PROJECT CREATER\DEBUG\VC110.PDB
J:\QT-PROJECT\COCOS2D-X PROJECT CREATER\COCOS2D-X PROJECT CREATER\DEBUG\QRC_COCOSCREATER.OBJ
J:\QT-PROJECT\COCOS2D-X PROJECT CREATER\COCOS2D-X PROJECT CREATER\GENERATEDFILES\DEBUG\MOC_COCOSCREATER.CPP
J:\QT-PROJECT\COCOS2D-X PROJECT CREATER\COCOS2D-X PROJECT CREATER\GENERATEDFILES\UI_COCOSCREATER.H
J:\QT-PROJECT\COCOS2D-X PROJECT CREATER\COCOS2D-X PROJECT CREATER\GENERATEDFILES\QRC_COCOSCREATER.CPP
J:\QT-PROJECT\COCOS2D-X PROJECT CREATER\WIN32\DEBUG\COCOS2D-X PROJECT CREATER.EXE
J:\QT-PROJECT\COCOS2D-X PROJECT CREATER\WIN32\DEBUG\COCOS2D-X PROJECT CREATER.PDB
J:\Qt-Project\cocos2d-x Project Creater\cocos2d-x Project Creater\Debug\cocoscreater.obj
J:\Qt-Project\cocos2d-x Project Creater\cocos2d-x Project Creater\Debug\main.obj
J:\Qt-Project\cocos2d-x Project Creater\cocos2d-x Project Creater\Debug\moc_cocoscreater.obj
J:\Qt-Project\cocos2d-x Project Creater\cocos2d-x Project Creater\Debug\qrc_cocoscreater.obj
J:\Qt-Project\cocos2d-x Project Creater\cocos2d-x Project Creater\Debug\cl.command.1.tlog
J:\Qt-Project\cocos2d-x Project Creater\cocos2d-x Project Creater\Debug\CL.read.1.tlog
J:\Qt-Project\cocos2d-x Project Creater\cocos2d-x Project Creater\Debug\CL.write.1.tlog
J:\Qt-Project\cocos2d-x Project Creater\cocos2d-x Project Creater\Debug\custombuild.command.1.tlog
J:\Qt-Project\cocos2d-x Project Creater\cocos2d-x Project Creater\Debug\custombuild.read.1.tlog
J:\Qt-Project\cocos2d-x Project Creater\cocos2d-x Project Creater\Debug\custombuild.write.1.tlog
J:\Qt-Project\cocos2d-x Project Creater\cocos2d-x Project Creater\Debug\link-cvtres.read.1.tlog
J:\Qt-Project\cocos2d-x Project Creater\cocos2d-x Project Creater\Debug\link-cvtres.write.1.tlog
J:\Qt-Project\cocos2d-x Project Creater\cocos2d-x Project Creater\Debug\link-pgocvt.read.1.tlog
J:\Qt-Project\cocos2d-x Project Creater\cocos2d-x Project Creater\Debug\link-pgocvt.write.1.tlog
J:\Qt-Project\cocos2d-x Project Creater\cocos2d-x Project Creater\Debug\link-rc.read.1.tlog
J:\Qt-Project\cocos2d-x Project Creater\cocos2d-x Project Creater\Debug\link-rc.write.1.tlog
J:\Qt-Project\cocos2d-x Project Creater\cocos2d-x Project Creater\Debug\link.command.1.tlog
J:\Qt-Project\cocos2d-x Project Creater\cocos2d-x Project Creater\Debug\link.read.1.tlog
J:\Qt-Project\cocos2d-x Project Creater\cocos2d-x Project Creater\Debug\link.write.1.tlog
J:\Qt-Project\cocos2d-x Project Creater\cocos2d-x Project Creater\Debug\vc110.pdb
J:\Qt-Project\cocos2d-x Project Creater\Win32\Debug\cocos2d-x Project Creater.pdb
J:\Qt-Project\cocos2d-x Project Creater\Win32\Debug\cocos2d-x Project Creater.exe
